🚀 Snapper Voice WebSocket Server
   Port: 18791
   Gateway: https://bransonsmini.tail8d2a35.ts.net
   Waiting for connections...
node:events:486
      throw er; // Unhandled 'error' event
      ^

Error: listen EADDRINUSE: address already in use :::18791
    at Server.setupListenHandle [as _listen2] (node:net:1940:16)
    at listenInCluster (node:net:1997:12)
    at Server.listen (node:net:2102:7)
    at file:///Users/bpfiester/Coding/snapper-voice/ws-server/server.js:231:12
    at ModuleJob.run (node:internal/modules/esm/module_job:430:25)
    at async onImport.tracePromise.__proto__ (node:internal/modules/esm/loader:655:26)
    at async asyncRunEntryPointWithESMLoader (node:internal/modules/run_main:101:5)
Emitted 'error' event on WebSocketServer instance at:
    at Server.emit (node:events:508:20)
    at emitErrorNT (node:net:1976:8)
    at process.processTicksAndRejections (node:internal/process/task_queues:90:21) {
  code: 'EADDRINUSE',
  errno: -48,
  syscall: 'listen',
  address: '::',
  port: 18791
}

Node.js v25.5.0
